<?xml version="1.0" encoding="UTF-8"?>
<!-- Generated by org.testng.reporters.JUnitXMLReporter -->
<testsuite ignored="0" hostname="INBook_X1" failures="0" tests="5" name="Test" time="86.708" errors="0" timestamp="2025-02-07T11:12:49 IST">
  <testcase classname="tesstCases.Tc001_CivilWorkCreation2" name="testlogin" time="19.414"/>
  <testcase classname="tesstCases.Tc001_CivilWorkCreation2" name="navegatehomepage" time="2.283"/>
  <testcase classname="tesstCases.Tc001_CivilWorkCreation2" name="workcreation" time="30.321"/>
  <testcase classname="tesstCases.Tc001_CivilWorkCreation2" name="workcreation" time="28.796"/>
  <testcase classname="tesstCases.Tc001_CivilWorkCreation2" name="testlogout" time="0.105"/>
</testsuite> <!-- Test -->
