<?xml version="1.0" encoding="UTF-8"?>
<testng-results ignored="0" total="5" passed="5" failed="0" skipped="0">
  <reporter-output>
  </reporter-output>
  <suite started-at="2025-02-07T11:11:23 IST" name="Suite" finished-at="2025-02-07T11:12:49 IST" duration-ms="86708">
    <groups>
      <group name="Datadriven">
        <method signature="Tc001_CivilWorkCreation2.workcreation(java.lang.String,java.lang.String,java.lang.String,java.lang.String,java.lang.String,java.lang.String,java.lang.String,java.lang.String,java.lang.String,java.lang.String,java.lang.String)[pri:3, instance:tesstCases.Tc001_CivilWorkCreation2@435fb7b5]" name="workcreation" class="tesstCases.Tc001_CivilWorkCreation2"/>
      </group> <!-- Datadriven -->
    </groups>
    <test started-at="2025-02-07T11:11:23 IST" name="Test" finished-at="2025-02-07T11:12:49 IST" duration-ms="86708">
      <class name="tesstCases.Tc001_CivilWorkCreation2">
        <test-method is-config="true" signature="setup()[pri:0, instance:tesstCases.Tc001_CivilWorkCreation2@435fb7b5]" started-at="2025-02-07T11:11:23 IST" name="setup" finished-at="2025-02-07T11:11:24 IST" duration-ms="1712" status="PASS">
          <reporter-output>
          </reporter-output>
        </test-method> <!-- setup -->
        <test-method signature="testlogin()[pri:1, instance:tesstCases.Tc001_CivilWorkCreation2@435fb7b5]" started-at="2025-02-07T11:11:24 IST" name="testlogin" finished-at="2025-02-07T11:11:44 IST" duration-ms="19414" status="PASS">
          <reporter-output>
          </reporter-output>
        </test-method> <!-- testlogin -->
        <test-method signature="navegatehomepage()[pri:2, instance:tesstCases.Tc001_CivilWorkCreation2@435fb7b5]" started-at="2025-02-07T11:11:44 IST" name="navegatehomepage" finished-at="2025-02-07T11:11:46 IST" duration-ms="2283" status="PASS">
          <reporter-output>
          </reporter-output>
        </test-method> <!-- navegatehomepage -->
        <test-method signature="workcreation(java.lang.String,java.lang.String,java.lang.String,java.lang.String,java.lang.String,java.lang.String,java.lang.String,java.lang.String,java.lang.String,java.lang.String,java.lang.String)[pri:3, instance:tesstCases.Tc001_CivilWorkCreation2@435fb7b5]" started-at="2025-02-07T11:11:50 IST" name="workcreation" data-provider="WorkData" finished-at="2025-02-07T11:12:20 IST" duration-ms="30321" status="PASS">
          <params>
            <param index="0">
              <value>
                <![CDATA[HYDERABAD]]>
              </value>
            </param>
            <param index="1">
              <value>
                <![CDATA[TIRUMALAGIRI]]>
              </value>
            </param>
            <param index="2">
              <value>
                <![CDATA[GOVT. HS MUDFORT, TIRUMALAGIRI,SECUNDERABAD]]>
              </value>
            </param>
            <param index="3">
              <value>
                <![CDATA[0]]>
              </value>
            </param>
            <param index="4">
              <value>
                <![CDATA[0]]>
              </value>
            </param>
            <param index="5">
              <value>
                <![CDATA[0]]>
              </value>
            </param>
            <param index="6">
              <value>
                <![CDATA[0]]>
              </value>
            </param>
            <param index="7">
              <value>
                <![CDATA[0]]>
              </value>
            </param>
            <param index="8">
              <value>
                <![CDATA[0]]>
              </value>
            </param>
            <param index="9">
              <value>
                <![CDATA[60]]>
              </value>
            </param>
            <param index="10">
              <value>
                <![CDATA[70]]>
              </value>
            </param>
          </params>
          <reporter-output>
          </reporter-output>
        </test-method> <!-- workcreation -->
        <test-method signature="workcreation(java.lang.String,java.lang.String,java.lang.String,java.lang.String,java.lang.String,java.lang.String,java.lang.String,java.lang.String,java.lang.String,java.lang.String,java.lang.String)[pri:3, instance:tesstCases.Tc001_CivilWorkCreation2@435fb7b5]" started-at="2025-02-07T11:12:20 IST" name="workcreation" data-provider="WorkData" finished-at="2025-02-07T11:12:49 IST" duration-ms="28796" status="PASS">
          <params>
            <param index="0">
              <value>
                <![CDATA[HYDERABAD]]>
              </value>
            </param>
            <param index="1">
              <value>
                <![CDATA[TIRUMALAGIRI]]>
              </value>
            </param>
            <param index="2">
              <value>
                <![CDATA[GOVT. HS(B)BOWENPALLY, TIRUMALGIRI,SECUNDERABAD]]>
              </value>
            </param>
            <param index="3">
              <value>
                <![CDATA[0]]>
              </value>
            </param>
            <param index="4">
              <value>
                <![CDATA[0]]>
              </value>
            </param>
            <param index="5">
              <value>
                <![CDATA[0]]>
              </value>
            </param>
            <param index="6">
              <value>
                <![CDATA[0]]>
              </value>
            </param>
            <param index="7">
              <value>
                <![CDATA[0]]>
              </value>
            </param>
            <param index="8">
              <value>
                <![CDATA[0]]>
              </value>
            </param>
            <param index="9">
              <value>
                <![CDATA[20]]>
              </value>
            </param>
            <param index="10">
              <value>
                <![CDATA[30]]>
              </value>
            </param>
          </params>
          <reporter-output>
          </reporter-output>
        </test-method> <!-- workcreation -->
        <test-method signature="testlogout()[pri:5, instance:tesstCases.Tc001_CivilWorkCreation2@435fb7b5]" started-at="2025-02-07T11:12:49 IST" name="testlogout" finished-at="2025-02-07T11:12:49 IST" duration-ms="105" status="PASS">
          <reporter-output>
          </reporter-output>
        </test-method> <!-- testlogout -->
        <test-method is-config="true" signature="teardown()[pri:0, instance:tesstCases.Tc001_CivilWorkCreation2@435fb7b5]" started-at="2025-02-07T11:12:49 IST" name="teardown" finished-at="2025-02-07T11:12:49 IST" duration-ms="446" status="PASS">
          <reporter-output>
          </reporter-output>
        </test-method> <!-- teardown -->
      </class> <!-- tesstCases.Tc001_CivilWorkCreation2 -->
    </test> <!-- Test -->
  </suite> <!-- Suite -->
</testng-results>
